app/build/intermediates/manifest_merge_blame_file/debug/manifest-merger-blame-debug-report.txt
1<?xml version="1.0" encoding="utf-8"?>
2<manifest xmlns:android="http://schemas.android.com/apk/res/android"
3    package="jkas.androidpe"
4    android:versionCode="181102"
5    android:versionName="1.76" >
6
7    <uses-sdk
8        android:minSdkVersion="26"
9        android:targetSdkVersion="34" />
10
11    <uses-permission android:name="android.permission.INTERNET" />
11-->src/main/AndroidManifest.xml:4:5-67
11-->src/main/AndroidManifest.xml:4:22-64
12    <uses-permission android:name="android.permission.VIBRATE" />
12-->src/main/AndroidManifest.xml:5:5-66
12-->src/main/AndroidManifest.xml:5:22-63
13    <uses-permission android:name="android.permission.MANAGE_EXTERNAL_STORAGE" />
13-->src/main/AndroidManifest.xml:6:5-82
13-->src/main/AndroidManifest.xml:6:22-79
14    <uses-permission android:name="android.permission.READ_EXTERNAL_STORAGE" />
14-->src/main/AndroidManifest.xml:7:5-80
14-->src/main/AndroidManifest.xml:7:22-77
15    <uses-permission android:name="android.permission.WRITE_EXTERNAL_STORAGE" />
15-->src/main/AndroidManifest.xml:8:5-81
15-->src/main/AndroidManifest.xml:8:22-78
16    <uses-permission android:name="android.permission.POST_NOTIFICATIONS" />
16-->src/main/AndroidManifest.xml:9:5-77
16-->src/main/AndroidManifest.xml:9:22-74
17    <uses-permission android:name="android.permission.RECEIVE_NOTIFICATIONS" />
17-->src/main/AndroidManifest.xml:10:5-80
17-->src/main/AndroidManifest.xml:10:22-77
18    <uses-permission android:name="android.permission.QUERY_ALL_PACKAGES" />
18-->src/main/AndroidManifest.xml:11:5-77
18-->src/main/AndroidManifest.xml:11:22-74
19
20    <permission
20-->[androidx.core:core:1.13.0] AndroidManifest.xml:22:5-24:47
21        android:name="jkas.androidpe.DYNAMIC_RECEIVER_NOT_EXPORTED_PERMISSION"
21-->[androidx.core:core:1.13.0] AndroidManifest.xml:23:9-81
22        android:protectionLevel="signature" />
22-->[androidx.core:core:1.13.0] AndroidManifest.xml:24:9-44
23
24    <uses-permission android:name="jkas.androidpe.DYNAMIC_RECEIVER_NOT_EXPORTED_PERMISSION" />
24-->[androidx.core:core:1.13.0] AndroidManifest.xml:26:5-97
24-->[androidx.core:core:1.13.0] AndroidManifest.xml:26:22-94
25
26    <application
26-->src/main/AndroidManifest.xml:13:5-57:19
27        android:name="jkas.androidpe.app.AndroidPEApplication"
27-->src/main/AndroidManifest.xml:14:9-49
28        android:allowBackup="true"
28-->src/main/AndroidManifest.xml:15:9-35
29        android:allowNativeHeapPointerTagging="true"
29-->src/main/AndroidManifest.xml:16:9-53
30        android:appComponentFactory="androidx.core.app.CoreComponentFactory"
30-->[androidx.core:core:1.13.0] AndroidManifest.xml:28:18-86
31        android:debuggable="true"
32        android:extractNativeLibs="false"
33        android:hardwareAccelerated="true"
33-->src/main/AndroidManifest.xml:17:9-43
34        android:icon="@drawable/androidpe_app_icon_dark"
34-->src/main/AndroidManifest.xml:18:9-57
35        android:label="@string/app_name"
35-->src/main/AndroidManifest.xml:19:9-41
36        android:largeHeap="true"
36-->src/main/AndroidManifest.xml:22:9-33
37        android:preserveLegacyExternalStorage="true"
37-->src/main/AndroidManifest.xml:23:9-53
38        android:requestLegacyExternalStorage="true"
38-->src/main/AndroidManifest.xml:24:9-52
39        android:resizeableActivity="true"
39-->src/main/AndroidManifest.xml:25:9-42
40        android:roundIcon="@drawable/androidpe_app_icon_dark"
40-->src/main/AndroidManifest.xml:20:9-62
41        android:screenOrientation="portrait"
41-->src/main/AndroidManifest.xml:26:9-45
42        android:supportsRtl="true"
42-->src/main/AndroidManifest.xml:21:9-35
43        android:theme="@style/Theme.Application" >
43-->src/main/AndroidManifest.xml:27:9-49
44        <activity
44-->src/main/AndroidManifest.xml:29:9-31:63
45            android:name="jkas.androidpe.app.CrashHandler$CrashActivity"
45-->src/main/AndroidManifest.xml:30:13-59
46            android:theme="@style/Theme.Material3.DayNight" />
46-->src/main/AndroidManifest.xml:31:13-60
47        <activity
47-->src/main/AndroidManifest.xml:33:9-41:20
48            android:name="jkas.androidpe.activities.MainActivity"
48-->src/main/AndroidManifest.xml:34:13-52
49            android:exported="true"
49-->src/main/AndroidManifest.xml:36:13-36
50            android:hardwareAccelerated="true" >
50-->src/main/AndroidManifest.xml:35:13-47
51            <intent-filter>
51-->src/main/AndroidManifest.xml:37:13-40:29
52                <action android:name="android.intent.action.MAIN" />
52-->src/main/AndroidManifest.xml:38:17-69
52-->src/main/AndroidManifest.xml:38:25-66
53
54                <category android:name="android.intent.category.LAUNCHER" />
54-->src/main/AndroidManifest.xml:39:17-77
54-->src/main/AndroidManifest.xml:39:27-74
55            </intent-filter>
56        </activity>
57        <activity
57-->src/main/AndroidManifest.xml:43:9-45:50
58            android:name="jkas.androidpe.activities.ProjectEditorActivity"
58-->src/main/AndroidManifest.xml:44:13-61
59            android:hardwareAccelerated="true" />
59-->src/main/AndroidManifest.xml:45:13-47
60        <activity
60-->src/main/AndroidManifest.xml:47:9-51:58
61            android:name="jkas.androidpe.activities.CodeEditorActivity"
61-->src/main/AndroidManifest.xml:48:13-58
62            android:configChanges="keyboardHidden|screenSize"
62-->src/main/AndroidManifest.xml:49:13-62
63            android:hardwareAccelerated="true"
63-->src/main/AndroidManifest.xml:50:13-47
64            android:windowSoftInputMode="adjustResize" />
64-->src/main/AndroidManifest.xml:51:13-55
65        <activity
65-->src/main/AndroidManifest.xml:53:9-55:50
66            android:name="jkas.androidpe.activities.PreferencesActivity"
66-->src/main/AndroidManifest.xml:54:13-59
67            android:hardwareAccelerated="true" />
67-->src/main/AndroidManifest.xml:55:13-47
68        <activity android:name="jkas.androidpe.activities.AboutAppActivity" />
68-->src/main/AndroidManifest.xml:56:9-65
68-->src/main/AndroidManifest.xml:56:19-62
69
70        <provider
70-->[com.squareup.picasso:picasso:2.8] AndroidManifest.xml:8:9-11:40
71            android:name="com.squareup.picasso.PicassoProvider"
71-->[com.squareup.picasso:picasso:2.8] AndroidManifest.xml:9:13-64
72            android:authorities="jkas.androidpe.com.squareup.picasso"
72-->[com.squareup.picasso:picasso:2.8] AndroidManifest.xml:10:13-72
73            android:exported="false" />
73-->[com.squareup.picasso:picasso:2.8] AndroidManifest.xml:11:13-37
74        <provider
74-->[androidx.emoji2:emoji2:1.3.0] AndroidManifest.xml:24:9-32:20
75            android:name="androidx.startup.InitializationProvider"
75-->[androidx.emoji2:emoji2:1.3.0] AndroidManifest.xml:25:13-67
76            android:authorities="jkas.androidpe.androidx-startup"
76-->[androidx.emoji2:emoji2:1.3.0] AndroidManifest.xml:26:13-68
77            android:exported="false" >
77-->[androidx.emoji2:emoji2:1.3.0] AndroidManifest.xml:27:13-37
78            <meta-data
78-->[androidx.emoji2:emoji2:1.3.0] AndroidManifest.xml:29:13-31:52
79                android:name="androidx.emoji2.text.EmojiCompatInitializer"
79-->[androidx.emoji2:emoji2:1.3.0] AndroidManifest.xml:30:17-75
80                android:value="androidx.startup" />
80-->[androidx.emoji2:emoji2:1.3.0] AndroidManifest.xml:31:17-49
81            <meta-data
81-->[androidx.lifecycle:lifecycle-process:2.6.2] AndroidManifest.xml:29:13-31:52
82                android:name="androidx.lifecycle.ProcessLifecycleInitializer"
82-->[androidx.lifecycle:lifecycle-process:2.6.2] AndroidManifest.xml:30:17-78
83                android:value="androidx.startup" />
83-->[androidx.lifecycle:lifecycle-process:2.6.2] AndroidManifest.xml:31:17-49
84            <meta-data
84-->[androidx.profileinstaller:profileinstaller:1.3.1] AndroidManifest.xml:29:13-31:52
85                android:name="androidx.profileinstaller.ProfileInstallerInitializer"
85-->[androidx.profileinstaller:profileinstaller:1.3.1] AndroidManifest.xml:30:17-85
86                android:value="androidx.startup" />
86-->[androidx.profileinstaller:profileinstaller:1.3.1] AndroidManifest.xml:31:17-49
87        </provider>
88
89        <uses-library
89-->[androidx.window:window:1.0.0] AndroidManifest.xml:25:9-27:40
90            android:name="androidx.window.extensions"
90-->[androidx.window:window:1.0.0] AndroidManifest.xml:26:13-54
91            android:required="false" />
91-->[androidx.window:window:1.0.0] AndroidManifest.xml:27:13-37
92        <uses-library
92-->[androidx.window:window:1.0.0] AndroidManifest.xml:28:9-30:40
93            android:name="androidx.window.sidecar"
93-->[androidx.window:window:1.0.0] AndroidManifest.xml:29:13-51
94            android:required="false" />
94-->[androidx.window:window:1.0.0] AndroidManifest.xml:30:13-37
95
96        <receiver
96-->[androidx.profileinstaller:profileinstaller:1.3.1] AndroidManifest.xml:34:9-52:20
97            android:name="androidx.profileinstaller.ProfileInstallReceiver"
97-->[androidx.profileinstaller:profileinstaller:1.3.1] AndroidManifest.xml:35:13-76
98            android:directBootAware="false"
98-->[androidx.profileinstaller:profileinstaller:1.3.1] AndroidManifest.xml:36:13-44
99            android:enabled="true"
99-->[androidx.profileinstaller:profileinstaller:1.3.1] AndroidManifest.xml:37:13-35
100            android:exported="true"
100-->[androidx.profileinstaller:profileinstaller:1.3.1] AndroidManifest.xml:38:13-36
101            android:permission="android.permission.DUMP" >
101-->[androidx.profileinstaller:profileinstaller:1.3.1] AndroidManifest.xml:39:13-57
102            <intent-filter>
102-->[androidx.profileinstaller:profileinstaller:1.3.1] AndroidManifest.xml:40:13-42:29
103                <action android:name="androidx.profileinstaller.action.INSTALL_PROFILE" />
103-->[androidx.profileinstaller:profileinstaller:1.3.1] AndroidManifest.xml:41:17-91
103-->[androidx.profileinstaller:profileinstaller:1.3.1] AndroidManifest.xml:41:25-88
104            </intent-filter>
105            <intent-filter>
105-->[androidx.profileinstaller:profileinstaller:1.3.1] AndroidManifest.xml:43:13-45:29
106                <action android:name="androidx.profileinstaller.action.SKIP_FILE" />
106-->[androidx.profileinstaller:profileinstaller:1.3.1] AndroidManifest.xml:44:17-85
106-->[androidx.profileinstaller:profileinstaller:1.3.1] AndroidManifest.xml:44:25-82
107            </intent-filter>
108            <intent-filter>
108-->[androidx.profileinstaller:profileinstaller:1.3.1] AndroidManifest.xml:46:13-48:29
109                <action android:name="androidx.profileinstaller.action.SAVE_PROFILE" />
109-->[androidx.profileinstaller:profileinstaller:1.3.1] AndroidManifest.xml:47:17-88
109-->[androidx.profileinstaller:profileinstaller:1.3.1] AndroidManifest.xml:47:25-85
110            </intent-filter>
111            <intent-filter>
111-->[androidx.profileinstaller:profileinstaller:1.3.1] AndroidManifest.xml:49:13-51:29
112                <action android:name="androidx.profileinstaller.action.BENCHMARK_OPERATION" />
112-->[androidx.profileinstaller:profileinstaller:1.3.1] AndroidManifest.xml:50:17-95
112-->[androidx.profileinstaller:profileinstaller:1.3.1] AndroidManifest.xml:50:25-92
113            </intent-filter>
114        </receiver>
115    </application>
116
117</manifest>